<?xml version="1.0" encoding="UTF-8"?>
<testsuite xmlns:xsi="http://www.w3.org/2001/XMLSchema-instance" xsi:noNamespaceSchemaLocation="https://maven.apache.org/surefire/maven-surefire-plugin/xsd/surefire-test-report-3.0.xsd" version="3.0" name="cl.ucn.modelo.IdentifierFixerUnitTest" time="0.022" tests="6" errors="0" skipped="0" failures="0">
  <properties>
[...]
</properties>
  <testcase name="corregirCadenasValidasTest" classname="cl.ucn.modelo.IdentifierFixerUnitTest" time="0.004"/>
  <testcase name="corregirPrimerCaracterTest" classname="cl.ucn.modelo.IdentifierFixerUnitTest" time="0.002"/>
  <testcase name="corregirNullDevuelveNull" classname="cl.ucn.modelo.IdentifierFixerUnitTest" time="0.001"/>
  <testcase name="corregirCaracterInvalidoInterno" classname="cl.ucn.modelo.IdentifierFixerUnitTest" time="0.0"/>
  <testcase name="corregirCadenaVaciaNulaTest" classname="cl.ucn.modelo.IdentifierFixerUnitTest" time="0.0"/>
  <testcase name="corregirExcederLargoTest" classname="cl.ucn.modelo.IdentifierFixerUnitTest" time="0.0"/>
</testsuite>