<?xml version="1.0" encoding="UTF-8"?>
<testsuite xmlns:xsi="http://www.w3.org/2001/XMLSchema-instance" xsi:noNamespaceSchemaLocation="https://maven.apache.org/surefire/maven-surefire-plugin/xsd/surefire-test-report-3.0.xsd" version="3.0" name="cl.ucn.modelo.IdentifierUnitTest" time="0.022" tests="19" errors="0" skipped="0" failures="0">
  <properties>
[...]
</properties>
  <testcase name="testInvalidOnlySpecialCharacters" classname="cl.ucn.modelo.IdentifierUnitTest" time="0.0"/>
  <testcase name="testValidSingleLetterLowerCase" classname="cl.ucn.modelo.IdentifierUnitTest" time="0.0"/>
  <testcase name="testInvalidStartsWithDigit" classname="cl.ucn.modelo.IdentifierUnitTest" time="0.011"/>
  <testcase name="testInvalidJustOverMaximumLength" classname="cl.ucn.modelo.IdentifierUnitTest" time="0.0"/>
  <testcase name="testValidAllDigitsAfterFirstLetter" classname="cl.ucn.modelo.IdentifierUnitTest" time="0.0"/>
  <testcase name="testInvalidEmptyString" classname="cl.ucn.modelo.IdentifierUnitTest" time="0.001"/>
  <testcase name="testValidSingleLetterUpperCase" classname="cl.ucn.modelo.IdentifierUnitTest" time="0.001"/>
  <testcase name="testValidBoundaryCaseFiveCharacters" classname="cl.ucn.modelo.IdentifierUnitTest" time="0.001"/>
  <testcase name="testInvalidContainsSpecialCharacter" classname="cl.ucn.modelo.IdentifierUnitTest" time="0.0"/>
  <testcase name="testInvalidNullInput" classname="cl.ucn.modelo.IdentifierUnitTest" time="0.001"/>
  <testcase name="testInvalidContainsSpace" classname="cl.ucn.modelo.IdentifierUnitTest" time="0.0"/>
  <testcase name="testInvalidStartsWithUnderscore" classname="cl.ucn.modelo.IdentifierUnitTest" time="0.0"/>
  <testcase name="testValidMaximumLength" classname="cl.ucn.modelo.IdentifierUnitTest" time="0.001"/>
  <testcase name="testInvalidTooLong" classname="cl.ucn.modelo.IdentifierUnitTest" time="0.001"/>
  <testcase name="testValidMultipleDigits" classname="cl.ucn.modelo.IdentifierUnitTest" time="0.0"/>
  <testcase name="testValidTwoLetters" classname="cl.ucn.modelo.IdentifierUnitTest" time="0.001"/>
  <testcase name="testValidLetterFollowedByDigit" classname="cl.ucn.modelo.IdentifierUnitTest" time="0.0"/>
  <testcase name="testValidBoundaryCaseOneCharacter" classname="cl.ucn.modelo.IdentifierUnitTest" time="0.0"/>
  <testcase name="testValidMixedCaseAndDigits" classname="cl.ucn.modelo.IdentifierUnitTest" time="0.0"/>
</testsuite>